[03Jan2025 00:03:51.247] [Server thread/INFO] [net.minecraft.server.MinecraftServer/]: [Not Secure] <xentros10000> mira mi chocobo
[03Jan2025 00:04:00.231] [Server thread/INFO] [net.minecraft.server.MinecraftServer/]: [Not Secure] <luisana> muy lindo
[03Jan2025 00:04:22.734] [Server thread/INFO] [net.minecraft.server.MinecraftServer/]: [Not Secure] <xentros10000> es mio no te lo presto
[03Jan2025 00:04:40.641] [Server thread/INFO] [net.minecraft.server.MinecraftServer/]: [Not Secure] <luisana> no lo quiero esta re feooo
[03Jan2025 00:05:07.134] [Server thread/INFO] [net.minecraft.server.MinecraftServer/]: [Not Secure] <xentros10000> fea tu
[03Jan2025 00:05:11.024] [Server thread/INFO] [net.minecraft.server.MinecraftServer/]: [Not Secure] <luisana> a
[03Jan2025 00:05:21.002] [Server thread/INFO] [net.minecraft.server.MinecraftServer/]: [Not Secure] <luisana> marca aca
[03Jan2025 00:05:41.411] [Server thread/INFO] [net.minecraft.server.MinecraftServer/]: [Not Secure] <xentros10000> vas a hacer la casa aca?
[03Jan2025 00:05:50.822] [Server thread/INFO] [net.minecraft.server.MinecraftServer/]: [Not Secure] <luisana> lo mato?
[03Jan2025 00:05:53.876] [Server thread/INFO] [net.minecraft.server.MinecraftServer/]: [Not Secure] <xentros10000> xaero-waypoint:casa:C:3049:70:-411:8:false:0:Internal-overworld-waypoints
[03Jan2025 00:05:58.335] [Server thread/INFO] [net.minecraft.server.MinecraftServer/]: [Not Secure] <xentros10000> noooo
[03Jan2025 00:06:04.534] [Server thread/INFO] [net.minecraft.server.MinecraftServer/]: [Not Secure] <xentros10000> mato tus ajolotes
[03Jan2025 00:06:07.233] [Server thread/INFO] [net.minecraft.server.MinecraftServer/]: [Not Secure] <luisana> siiii
[03Jan2025 00:06:11.898] [Server thread/INFO] [net.minecraft.server.MinecraftServer/]: [Not Secure] <luisana> no
[03Jan2025 00:06:44.824] [Server thread/INFO] [net.minecraft.server.MinecraftServer/]: [Not Secure] <xentros10000> es mia
[03Jan2025 00:07:08.257] [Server thread/INFO] [net.minecraft.server.MinecraftServer/]: [Not Secure] <luisana> marca
[03Jan2025 00:07:13.494] [Server thread/INFO] [net.minecraft.server.MinecraftServer/]: [Not Secure] <xentros10000> ya
[03Jan2025 00:08:16.673] [Server thread/INFO] [net.minecraft.server.network.ServerGamePacketListenerImpl/]: luisana lost connection: Disconnected
[03Jan2025 00:08:16.674] [Server thread/INFO] [net.minecraft.server.MinecraftServer/]: luisana left the game
[03Jan2025 00:08:25.243] [Server thread/INFO] [net.minecraft.server.network.ServerGamePacketListenerImpl/]: xentros10000 lost connection: Disconnected
[03Jan2025 00:08:25.244] [Server thread/INFO] [net.minecraft.server.MinecraftServer/]: xentros10000 left the game
[03Jan2025 00:09:00.764] [Server thread/INFO] [net.minecraft.server.MinecraftServer/]: Stopping the server
[03Jan2025 00:09:00.816] [Server thread/INFO] [net.minecraft.server.MinecraftServer/]: Stopping server
[03Jan2025 00:09:00.817] [Server thread/INFO] [net.minecraft.server.MinecraftServer/]: Saving players
[03Jan2025 00:09:00.817] [Server thread/INFO] [net.minecraft.server.MinecraftServer/]: Saving worlds
[03Jan2025 00:09:01.166] [Server thread/INFO] [net.minecraft.server.MinecraftServer/]: Saving chunks for level 'ServerLevel[world]'/minecraft:overworld
[03Jan2025 00:09:01.196] [Server thread/INFO] [net.minecraft.server.MinecraftServer/]: Saving chunks for level 'ServerLevel[world]'/minecraft:the_nether
[03Jan2025 00:09:01.199] [Server thread/INFO] [net.minecraft.server.MinecraftServer/]: Saving chunks for level 'ServerLevel[world]'/tht:dimension
[03Jan2025 00:09:01.499] [Server thread/INFO] [net.minecraft.server.MinecraftServer/]: Saving chunks for level 'ServerLevel[world]'/minecraft:the_end
[03Jan2025 00:09:01.564] [Server thread/INFO] [net.minecraft.server.MinecraftServer/]: ThreadedAnvilChunkStorage (world): All chunks are saved
[03Jan2025 00:09:01.564] [Server thread/INFO] [net.minecraft.server.MinecraftServer/]: ThreadedAnvilChunkStorage (DIM-1): All chunks are saved
[03Jan2025 00:09:01.564] [Server thread/INFO] [net.minecraft.server.MinecraftServer/]: ThreadedAnvilChunkStorage (dimension): All chunks are saved
[03Jan2025 00:09:01.565] [Server thread/INFO] [net.minecraft.server.MinecraftServer/]: ThreadedAnvilChunkStorage (DIM1): All chunks are saved
[03Jan2025 00:09:01.565] [Server thread/INFO] [net.minecraft.server.MinecraftServer/]: ThreadedAnvilChunkStorage: All dimensions are saved
